<?xml version="1.0" encoding="UTF-8"?>
<!-- Generated by org.testng.reporters.JUnitReportReporter -->
<testsuite hostname="NII-LT-662" failures="0" tests="1" name="com.qa.tests.AmazonTest" time="9.430" errors="0" timestamp="2021-05-08T11:57:37 IST" skipped="0">
  <testcase classname="com.qa.tests.AmazonTest" name="selectElement" time="9.430"/>
  <system-out/>
</testsuite> <!-- com.qa.tests.AmazonTest -->
